<?xml version="1.0" encoding="UTF-8"?>
<!-- Generated by org.testng.reporters.JUnitReportReporter -->
<testsuite hostname="Yashpal" failures="0" tests="3" name="com.firsttestng.A" time="0.065" errors="0" timestamp="2023-07-27T21:27:09 IST" skipped="0">
  <testcase classname="com.firsttestng.A" name="m2" time="0.018"/>
  <testcase classname="com.firsttestng.A" name="m1" time="0.026"/>
  <testcase classname="com.firsttestng.A" name="m4" time="0.021"/>
</testsuite> <!-- com.firsttestng.A -->
