<?xml version="1.0" encoding="UTF-8"?>
<!-- Generated by org.testng.reporters.JUnitReportReporter -->
<testsuite hostname="Yashpal" failures="0" tests="1" name="com.dataprovider.MySite" time="24.280" errors="0" timestamp="2023-08-02T23:25:55 IST" skipped="0">
  <testcase classname="com.dataprovider.MySite" name="letsTest" time="24.280"/>
</testsuite> <!-- com.dataprovider.MySite -->
