<?xml version="1.0" encoding="UTF-8"?>
<!-- Generated by org.testng.reporters.JUnitReportReporter -->
<testsuite hostname="Yashpal" failures="0" tests="10" name="com.firsttestng.ParametersOfTest" time="0.095" errors="0" timestamp="2023-07-28T00:32:30 IST" skipped="1">
  <testcase classname="com.firsttestng.ParametersOfTest" name="m5" time="0.013"/>
  <testcase classname="com.firsttestng.ParametersOfTest" name="m5" time="0.011"/>
  <testcase classname="com.firsttestng.ParametersOfTest" name="m5" time="0.005"/>
  <testcase classname="com.firsttestng.ParametersOfTest" name="m5" time="0.018"/>
  <testcase classname="com.firsttestng.ParametersOfTest" name="m5" time="0.005"/>
  <testcase classname="com.firsttestng.ParametersOfTest" name="m5" time="0.010"/>
  <testcase classname="com.firsttestng.ParametersOfTest" name="m4" time="0.009"/>
  <testcase classname="com.firsttestng.ParametersOfTest" name="m1" time="0.017"/>
  <testcase classname="com.firsttestng.ParametersOfTest" name="m6" time="0.007"/>
  <testcase classname="com.firsttestng.ParametersOfTest" name="m2">
    <skipped/>
  </testcase> <!-- m2 -->
</testsuite> <!-- com.firsttestng.ParametersOfTest -->
