<?xml version="1.0" encoding="UTF-8"?>
<!-- Generated by org.testng.reporters.JUnitReportReporter -->
<testsuite hostname="Yashpal" failures="0" tests="3" name="com.firsttestng.C" time="0.035" errors="0" timestamp="2023-08-14T22:19:47 IST" skipped="0">
  <testcase classname="com.firsttestng.C" name="m4" time="0.010"/>
  <testcase classname="com.firsttestng.C" name="m2" time="0.015"/>
  <testcase classname="com.firsttestng.C" name="m1" time="0.010"/>
</testsuite> <!-- com.firsttestng.C -->
