<?xml version="1.0" encoding="UTF-8"?>
<!-- Generated by org.testng.reporters.JUnitReportReporter -->
<testsuite hostname="Yashpal" failures="0" tests="3" name="com.firsttestng.B" time="0.042" errors="0" timestamp="2023-07-27T21:27:09 IST" skipped="0">
  <testcase classname="com.firsttestng.B" name="m4" time="0.023"/>
  <testcase classname="com.firsttestng.B" name="m5" time="0.013"/>
  <testcase classname="com.firsttestng.B" name="m1" time="0.006"/>
</testsuite> <!-- com.firsttestng.B -->
