<?xml version="1.0" encoding="UTF-8"?>
<!-- Generated by org.testng.reporters.JUnitReportReporter -->
<testsuite hostname="Yashpal" failures="0" tests="2" name="com.firsttestng.B" time="0.010" errors="0" timestamp="2023-08-14T22:19:47 IST" skipped="0">
  <testcase classname="com.firsttestng.B" name="m3" time="0.005"/>
  <testcase classname="com.firsttestng.B" name="m2" time="0.005"/>
</testsuite> <!-- com.firsttestng.B -->
