<?xml version="1.0" encoding="UTF-8"?>
<!-- Generated by org.testng.reporters.JUnitReportReporter -->
<testsuite hostname="Yashpal" failures="0" tests="5" name="com.dataprovider.StudentsData" time="0.045" errors="0" timestamp="2023-07-29T17:10:14 IST" skipped="0">
  <testcase classname="com.dataprovider.StudentsData" name="m1" time="0.004"/>
  <testcase classname="com.dataprovider.StudentsData" name="m1" time="0.026"/>
  <testcase classname="com.dataprovider.StudentsData" name="m1" time="0.004"/>
  <testcase classname="com.dataprovider.StudentsData" name="m1" time="0.004"/>
  <testcase classname="com.dataprovider.StudentsData" name="m1" time="0.007"/>
</testsuite> <!-- com.dataprovider.StudentsData -->
