<?xml version="1.0" encoding="UTF-8"?>
<!-- Generated by org.testng.reporters.JUnitReportReporter -->
<testsuite hostname="Yashpal" failures="0" tests="3" name="com.firsttestng.Demo" time="88.832" errors="0" timestamp="2023-08-02T20:17:58 IST" skipped="0">
  <testcase classname="com.firsttestng.Demo" name="sapanaResult" time="29.385"/>
  <testcase classname="com.firsttestng.Demo" name="swastikaResult" time="18.102"/>
  <testcase classname="com.firsttestng.Demo" name="yashResult" time="41.345"/>
</testsuite> <!-- com.firsttestng.Demo -->
