<?xml version="1.0" encoding="UTF-8"?>
<!-- Generated by org.testng.reporters.JUnitReportReporter -->
<testsuite hostname="Yashpal" failures="0" tests="2" name="com.firsttestng.A" time="0.022" errors="0" timestamp="2023-08-14T22:19:47 IST" skipped="0">
  <testcase classname="com.firsttestng.A" name="m5" time="0.004"/>
  <testcase classname="com.firsttestng.A" name="m3" time="0.018"/>
</testsuite> <!-- com.firsttestng.A -->
