<?xml version="1.0" encoding="UTF-8"?>
<!-- Generated by org.testng.reporters.JUnitReportReporter -->
<testsuite hostname="Yashpal" failures="0" tests="2" name="com.firsttestng.C" time="0.034" errors="0" timestamp="2023-07-27T21:27:09 IST" skipped="0">
  <testcase classname="com.firsttestng.C" name="m5" time="0.014"/>
  <testcase classname="com.firsttestng.C" name="m3" time="0.020"/>
</testsuite> <!-- com.firsttestng.C -->
