<?xml version="1.0" encoding="UTF-8"?>
<!-- Generated by org.testng.reporters.JUnitReportReporter -->
<testsuite hostname="Yashpal" failures="0" tests="1" name="com.firsttestng.FirstTestNG" time="25.276" errors="0" timestamp="2023-07-28T00:19:56 IST" skipped="0">
  <testcase classname="com.firsttestng.FirstTestNG" name="m1" time="25.276"/>
</testsuite> <!-- com.firsttestng.FirstTestNG -->
