<?xml version="1.0" encoding="UTF-8"?>
<!-- Generated by org.testng.reporters.JUnitReportReporter -->
<testsuite hostname="Yashpal" failures="0" tests="4" name="com.firsttestcase.ResultWithMavn" time="123.598" errors="0" timestamp="2023-08-16T19:41:18 IST" skipped="0">
  <testcase classname="com.firsttestcase.ResultWithMavn" name="sapanaResult" time="26.218"/>
  <system-out/>
  <testcase classname="com.firsttestcase.ResultWithMavn" name="chunnuResult" time="23.322"/>
  <system-out/>
  <testcase classname="com.firsttestcase.ResultWithMavn" name="snehallResult" time="22.075"/>
  <system-out/>
  <testcase classname="com.firsttestcase.ResultWithMavn" name="yashResult" time="51.983"/>
  <system-out/>
</testsuite> <!-- com.firsttestcase.ResultWithMavn -->
