<?xml version="1.0" encoding="UTF-8"?>
<!-- Generated by org.testng.reporters.JUnitReportReporter -->
<testsuite hostname="Yashpal" failures="0" tests="1" name="com.firsttestcase.PoloTestCase" time="26.264" errors="0" timestamp="2023-08-16T19:45:45 IST" skipped="0">
  <testcase classname="com.firsttestcase.PoloTestCase" name="verifySearchResultForPoloMen" time="26.264"/>
  <system-out/>
</testsuite> <!-- com.firsttestcase.PoloTestCase -->
