<?xml version="1.0" encoding="UTF-8"?>
<!-- Generated by org.testng.reporters.JUnitReportReporter -->
<testsuite hostname="Yashpal" failures="0" tests="4" name="com.firsttestcase.ResultWithMavn" time="87.910" errors="0" timestamp="2023-08-11T23:28:19 IST" skipped="0">
  <testcase classname="com.firsttestcase.ResultWithMavn" name="chunnuResult" time="17.592"/>
  <system-out/>
  <testcase classname="com.firsttestcase.ResultWithMavn" name="snehallResult" time="35.881"/>
  <system-out/>
  <testcase classname="com.firsttestcase.ResultWithMavn" name="yashResult" time="19.292"/>
  <system-out/>
  <testcase classname="com.firsttestcase.ResultWithMavn" name="sapanaResult" time="15.145"/>
  <system-out/>
</testsuite> <!-- com.firsttestcase.ResultWithMavn -->
